<?xml version="1.0" encoding="utf-8" standalone="yes"?>
<coverage line-rate="1" branch-rate="1" complexity="3" version="1.9" timestamp="1758313629" lines-covered="13" lines-valid="13">
  <packages>
    <package line-rate="1" branch-rate="1" complexity="2" name="Calc.Lib.Tests">
      <classes>
        <class line-rate="1" branch-rate="1" complexity="2" name="Calc.Lib.Tests.Tests" filename="C:\Users\admin\Desktop\dotnet-core-courses-2025\01. Introduction to .Net\Calc.Lib.Tests\UnitTest1.cs">
          <methods>
            <method line-rate="1" branch-rate="1" complexity="1" name="Test1" signature="()">
              <lines>
                <line number="7" hits="1" branch="False" />
                <line number="8" hits="1" branch="False" />
                <line number="9" hits="1" branch="False" />
                <line number="10" hits="1" branch="False" />
                <line number="11" hits="1" branch="False" />
              </lines>
            </method>
            <method line-rate="1" branch-rate="1" complexity="1" name="Test2" signature="()">
              <lines>
                <line number="14" hits="1" branch="False" />
                <line number="15" hits="1" branch="False" />
                <line number="16" hits="1" branch="False" />
                <line number="17" hits="1" branch="False" />
                <line number="18" hits="1" branch="False" />
              </lines>
            </method>
          </methods>
          <lines>
            <line number="7" hits="1" branch="False" />
            <line number="8" hits="1" branch="False" />
            <line number="9" hits="1" branch="False" />
            <line number="10" hits="1" branch="False" />
            <line number="11" hits="1" branch="False" />
            <line number="14" hits="1" branch="False" />
            <line number="15" hits="1" branch="False" />
            <line number="16" hits="1" branch="False" />
            <line number="17" hits="1" branch="False" />
            <line number="18" hits="1" branch="False" />
          </lines>
        </class>
      </classes>
    </package>
    <package line-rate="1" branch-rate="1" complexity="1" name="Calc.Lib">
      <classes>
        <class line-rate="1" branch-rate="1" complexity="1" name="Calc.Lib.Calculator" filename="C:\Users\admin\Desktop\dotnet-core-courses-2025\01. Introduction to .Net\Calc.Lib\Calculator.cs">
          <methods>
            <method line-rate="1" branch-rate="1" complexity="1" name="Add" signature="(int, int)">
              <lines>
                <line number="6" hits="1" branch="False" />
                <line number="7" hits="1" branch="False" />
                <line number="8" hits="1" branch="False" />
              </lines>
            </method>
          </methods>
          <lines>
            <line number="6" hits="1" branch="False" />
            <line number="7" hits="1" branch="False" />
            <line number="8" hits="1" branch="False" />
          </lines>
        </class>
      </classes>
    </package>
  </packages>
</coverage>