<?xml version="1.0" encoding="utf-8"?>
<!DOCTYPE coverage SYSTEM "http://cobertura.sourceforge.net/xml/coverage-04.dtd">
<coverage line-rate="0.857142857142857" branch-rate="1" lines-covered="12" lines-valid="14" branches-covered="0" branches-valid="0" complexity="6" version="0" timestamp="1759362587">
  <sources />
  <packages>
    <package name="LibraryNetwork.Tests" line-rate="0.857142857142857" branch-rate="1" complexity="6">
      <classes>
        <class name="LibraryNetwork.Tests.Book" filename="C:\Users\admin\Desktop\dotnet-core-courses-2025\04. Basic BCL\LibraryNetwork.Tests\BookServiceTests.cs" line-rate="1" branch-rate="1" complexity="3">
          <methods>
            <method name=".ctor" signature="(...)" line-rate="1" branch-rate="1" complexity="1">
              <lines>
                <line number="35" hits="1" branch="false" />
              </lines>
            </method>
            <method name="get_Name" signature="()" line-rate="1" branch-rate="1" complexity="1">
              <lines>
                <line number="35" hits="1" branch="false" />
              </lines>
            </method>
            <method name="set_Name" signature="(...)" line-rate="1" branch-rate="1" complexity="1">
              <lines>
                <line number="35" hits="1" branch="false" />
              </lines>
            </method>
          </methods>
          <lines>
            <line number="35" hits="1" branch="false" />
          </lines>
        </class>
        <class name="LibraryNetwork.Tests.BookService" filename="C:\Users\admin\Desktop\dotnet-core-courses-2025\04. Basic BCL\LibraryNetwork.Tests\BookServiceTests.cs" line-rate="1" branch-rate="1" complexity="1">
          <methods>
            <method name="GetAll" signature="()" line-rate="1" branch-rate="1" complexity="1">
              <lines>
                <line number="26" hits="1" branch="false" />
                <line number="27" hits="1" branch="false" />
              </lines>
            </method>
          </methods>
          <lines>
            <line number="26" hits="1" branch="false" />
            <line number="27" hits="1" branch="false" />
          </lines>
        </class>
        <class name="LibraryNetwork.Tests.BookServiceTests" filename="C:\Users\admin\Desktop\dotnet-core-courses-2025\04. Basic BCL\LibraryNetwork.Tests\BookServiceTests.cs" line-rate="0.818181818181818" branch-rate="1" complexity="1">
          <methods>
            <method name="GetAll_ReturnAllBookList" signature="()" line-rate="0.818181818181818" branch-rate="1" complexity="1">
              <lines>
                <line number="9" hits="1" branch="false" />
                <line number="10" hits="1" branch="false" />
                <line number="11" hits="1" branch="false" />
                <line number="12" hits="1" branch="false" />
                <line number="13" hits="1" branch="false" />
                <line number="14" hits="1" branch="false" />
                <line number="15" hits="1" branch="false" />
                <line number="16" hits="1" branch="false" />
                <line number="17" hits="1" branch="false" />
                <line number="19" hits="0" branch="false" />
                <line number="20" hits="0" branch="false" />
              </lines>
            </method>
          </methods>
          <lines>
            <line number="9" hits="1" branch="false" />
            <line number="10" hits="1" branch="false" />
            <line number="11" hits="1" branch="false" />
            <line number="12" hits="1" branch="false" />
            <line number="13" hits="1" branch="false" />
            <line number="14" hits="1" branch="false" />
            <line number="15" hits="1" branch="false" />
            <line number="16" hits="1" branch="false" />
            <line number="17" hits="1" branch="false" />
            <line number="19" hits="0" branch="false" />
            <line number="20" hits="0" branch="false" />
          </lines>
        </class>
      </classes>
    </package>
  </packages>
</coverage>