<?xml version="1.0" encoding="utf-8"?>
<!DOCTYPE coverage SYSTEM "http://cobertura.sourceforge.net/xml/coverage-04.dtd">
<coverage line-rate="1" branch-rate="1" lines-covered="13" lines-valid="13" branches-covered="0" branches-valid="0" complexity="3" version="0" timestamp="1758324430">
  <sources />
  <packages>
    <package name="Calc.Lib" line-rate="1" branch-rate="1" complexity="1">
      <classes>
        <class name="Calc.Lib.Calculator" filename="C:\Users\admin\Desktop\dotnet-core-courses-2025\01. Introduction to .Net\Calc.Lib\Calculator.cs" line-rate="1" branch-rate="1" complexity="1">
          <methods>
            <method name="Add" signature="(...)" line-rate="1" branch-rate="1" complexity="1">
              <lines>
                <line number="6" hits="1" branch="false" />
                <line number="7" hits="1" branch="false" />
                <line number="8" hits="1" branch="false" />
              </lines>
            </method>
          </methods>
          <lines>
            <line number="6" hits="1" branch="false" />
            <line number="7" hits="1" branch="false" />
            <line number="8" hits="1" branch="false" />
          </lines>
        </class>
      </classes>
    </package>
    <package name="Calc.Lib.Tests" line-rate="1" branch-rate="1" complexity="2">
      <classes>
        <class name="Calc.Lib.Tests.Tests" filename="C:\Users\admin\Desktop\dotnet-core-courses-2025\01. Introduction to .Net\Calc.Lib.Tests\UnitTest1.cs" line-rate="1" branch-rate="1" complexity="2">
          <methods>
            <method name="Test1" signature="()" line-rate="1" branch-rate="1" complexity="1">
              <lines>
                <line number="7" hits="1" branch="false" />
                <line number="8" hits="1" branch="false" />
                <line number="9" hits="1" branch="false" />
                <line number="10" hits="1" branch="false" />
                <line number="11" hits="1" branch="false" />
              </lines>
            </method>
            <method name="Test2" signature="()" line-rate="1" branch-rate="1" complexity="1">
              <lines>
                <line number="14" hits="1" branch="false" />
                <line number="15" hits="1" branch="false" />
                <line number="16" hits="1" branch="false" />
                <line number="17" hits="1" branch="false" />
                <line number="18" hits="1" branch="false" />
              </lines>
            </method>
          </methods>
          <lines>
            <line number="7" hits="1" branch="false" />
            <line number="8" hits="1" branch="false" />
            <line number="9" hits="1" branch="false" />
            <line number="10" hits="1" branch="false" />
            <line number="11" hits="1" branch="false" />
            <line number="14" hits="1" branch="false" />
            <line number="15" hits="1" branch="false" />
            <line number="16" hits="1" branch="false" />
            <line number="17" hits="1" branch="false" />
            <line number="18" hits="1" branch="false" />
          </lines>
        </class>
      </classes>
    </package>
  </packages>
</coverage>